<?xml version="1.0" encoding="utf-8"?>
<!DOCTYPE coverage SYSTEM "http://cobertura.sourceforge.net/xml/coverage-04.dtd">
<coverage line-rate="0.0163894023413432" branch-rate="0.00871188550093342" lines-covered="133" lines-valid="8115" branches-covered="28" branches-valid="3214" complexity="4015" version="0" timestamp="1764552538">
  <sources />
  <packages>
    <package name="LiveCharts" line-rate="0" branch-rate="0" complexity="1845">
      <classes>
        <class name="LiveCharts.AxisCore" filename="c:\Users\btord\Documents\Projects\LiveCharts\Core40\AxisCore.cs" line-rate="1" branch-rate="1" complexity="127">
          <methods>
            <method name=".ctor" signature="(...)" line-rate="1" branch-rate="1" complexity="1">
              <lines />
            </method>
            <method name="get_CurrentSeparators" signature="()" line-rate="1" branch-rate="1" complexity="1">
              <lines />
            </method>
            <method name="get_TopLimit" signature="()" line-rate="1" branch-rate="1" complexity="1">
              <lines />
            </method>
            <method name="set_TopLimit" signature="(...)" line-rate="1" branch-rate="1" complexity="1">
              <lines />
            </method>
            <method name="GetFormatter" signature="()" line-rate="1" branch-rate="1" complexity="1">
              <lines />
            </method>
            <method name="ClearSeparators" signature="()" line-rate="1" branch-rate="1" complexity="2">
              <lines />
            </method>
            <method name="CalculateSeparator" signature="(...)" line-rate="1" branch-rate="1" complexity="18">
              <lines />
            </method>
            <method name="PrepareChart" signature="(...)" line-rate="1" branch-rate="1" complexity="24">
              <lines />
            </method>
            <method name="UpdateSeparators" signature="(...)" line-rate="1" branch-rate="1" complexity="32">
              <lines />
            </method>
            <method name="FromPreviousState" signature="(...)" line-rate="1" branch-rate="1" complexity="14">
              <lines />
            </method>
            <method name="InitializeGarbageCollector" signature="()" line-rate="1" branch-rate="1" complexity="4">
              <lines />
            </method>
            <method name="DrawSeparator" signature="(...)" line-rate="1" branch-rate="1" complexity="18">
              <lines />
            </method>
            <method name="Formatter" signature="(...)" line-rate="1" branch-rate="1" complexity="10">
              <lines />
            </method>
          </methods>
          <lines />
        </class>
        <class name="LiveCharts.AxisSectionCore" filename="c:\Users\btord\Documents\Projects\LiveCharts\Core40\AxisSectionCore.cs" line-rate="1" branch-rate="1" complexity="1">
          <methods>
            <method name=".ctor" signature="(...)" line-rate="1" branch-rate="1" complexity="1">
              <lines />
            </method>
          </methods>
          <lines />
        </class>
        <class name="LiveCharts.AxisWindow" filename="c:\Users\btord\Documents\Projects\LiveCharts\Core40\AxisWindow.cs" line-rate="1" branch-rate="1" complexity="8">
          <methods>
            <method name="TryGetSeparatorIndices" signature="(...)" line-rate="1" branch-rate="1" complexity="8">
              <lines />
            </method>
          </methods>
          <lines />
        </class>
        <class name="LiveCharts.AxisWindows" filename="c:\Users\btord\Documents\Projects\LiveCharts\Core40\AxisWindows.cs" line-rate="1" branch-rate="1" complexity="5">
          <methods>
            <method name="get_EmptyWindow" signature="()" line-rate="1" branch-rate="1" complexity="1">
              <lines />
            </method>
            <method name="get_MinimumSeparatorWidth" signature="()" line-rate="1" branch-rate="1" complexity="1">
              <lines />
            </method>
            <method name="IsHeader" signature="(...)" line-rate="1" branch-rate="1" complexity="1">
              <lines />
            </method>
            <method name="IsSeparator" signature="(...)" line-rate="1" branch-rate="1" complexity="1">
              <lines />
            </method>
            <method name="FormatAxisLabel" signature="(...)" line-rate="1" branch-rate="1" complexity="1">
              <lines />
            </method>
          </methods>
          <lines />
        </class>
        <class name="LiveCharts.AxisWindows.EmptyAxisWindow" filename="c:\Users\btord\Documents\Projects\LiveCharts\Core40\AxisWindows.cs" line-rate="1" branch-rate="1" complexity="4">
          <methods>
            <method name="get_MinimumSeparatorWidth" signature="()" line-rate="1" branch-rate="1" complexity="1">
              <lines />
            </method>
            <method name="IsHeader" signature="(...)" line-rate="1" branch-rate="1" complexity="1">
              <lines />
            </method>
            <method name="IsSeparator" signature="(...)" line-rate="1" branch-rate="1" complexity="1">
              <lines />
            </method>
            <method name="FormatAxisLabel" signature="(...)" line-rate="1" branch-rate="1" complexity="1">
              <lines />
            </method>
          </methods>
          <lines />
        </class>
        <class name="LiveCharts.ChartFunctions" filename="c:\Users\btord\Documents\Projects\LiveCharts\Core40\ChartFunctions.cs" line-rate="1" branch-rate="1" complexity="41">
          <methods>
            <method name="ToPlotArea" signature="(...)" line-rate="1" branch-rate="1" complexity="4">
              <lines />
            </method>
            <method name="ToPlotArea" signature="(...)" line-rate="1" branch-rate="1" complexity="4">
              <lines />
            </method>
            <method name="FromPlotArea" signature="(...)" line-rate="1" branch-rate="1" complexity="4">
              <lines />
            </method>
            <method name="ToDrawMargin" signature="(...)" line-rate="1" branch-rate="1" complexity="2">
              <lines />
            </method>
            <method name="ToDrawMargin" signature="(...)" line-rate="1" branch-rate="1" complexity="2">
              <lines />
            </method>
            <method name="ToDrawMargin" signature="(...)" line-rate="1" branch-rate="1" complexity="1">
              <lines />
            </method>
            <method name="GetUnitWidth" signature="(...)" line-rate="1" branch-rate="1" complexity="2">
              <lines />
            </method>
            <method name="GetUnitWidth" signature="(...)" line-rate="1" branch-rate="1" complexity="6">
              <lines />
            </method>
            <method name="GetTooltipData" signature="(...)" line-rate="1" branch-rate="1" complexity="16">
              <lines />
            </method>
          </methods>
          <lines />
        </class>
        <class name="LiveCharts.Charting" filename="c:\Users\btord\Documents\Projects\LiveCharts\Core40\Charting.cs" line-rate="1" branch-rate="1" complexity="118">
          <methods>
            <method name=".cctor" signature="()" line-rate="1" branch-rate="1" complexity="106">
              <lines />
            </method>
            <method name="For&lt;T&gt;" signature="(...)" line-rate="1" branch-rate="1" complexity="6">
              <lines />
            </method>
            <method name="GetConfig&lt;T&gt;" signature="(...)" line-rate="1" branch-rate="1" complexity="6">
              <lines />
            </method>
          </methods>
          <lines />
        </class>
        <class name="LiveCharts.ChartPoint" filename="c:\Users\btord\Documents\Projects\LiveCharts\Core40\ChartPoint.cs" line-rate="1" branch-rate="1" complexity="1">
          <methods>
            <method name="get_ChartView" signature="()" line-rate="1" branch-rate="1" complexity="1">
              <lines />
            </method>
          </methods>
          <lines />
        </class>
        <class name="LiveCharts.Charts.CartesianChartCore" filename="c:\Users\btord\Documents\Projects\LiveCharts\Core40\Charts\CartesianChartCore.cs" line-rate="1" branch-rate="1" complexity="156">
          <methods>
            <method name=".ctor" signature="(...)" line-rate="1" branch-rate="1" complexity="1">
              <lines />
            </method>
            <method name="PrepareAxes" signature="()" line-rate="1" branch-rate="1" complexity="36">
              <lines />
            </method>
            <method name="RunSpecializedChartComponents" signature="()" line-rate="1" branch-rate="1" complexity="4">
              <lines />
            </method>
            <method name="DrawOrUpdateSections" signature="()" line-rate="1" branch-rate="1" complexity="8">
              <lines />
            </method>
            <method name="SetAxisLimits" signature="(...)" line-rate="1" branch-rate="1" complexity="22">
              <lines />
            </method>
            <method name="PrepareSeries" signature="()" line-rate="1" branch-rate="1" complexity="1">
              <lines />
            </method>
            <method name="PrepareWeight" signature="()" line-rate="1" branch-rate="1" complexity="10">
              <lines />
            </method>
            <method name="PrepareUnitWidth" signature="()" line-rate="1" branch-rate="1" complexity="18">
              <lines />
            </method>
            <method name="PrepareStackedColumns" signature="()" line-rate="1" branch-rate="1" complexity="14">
              <lines />
            </method>
            <method name="PrepareStackedRows" signature="()" line-rate="1" branch-rate="1" complexity="14">
              <lines />
            </method>
            <method name="PrepareStackedAreas" signature="()" line-rate="1" branch-rate="1" complexity="14">
              <lines />
            </method>
            <method name="PrepareVerticalStackedAreas" signature="()" line-rate="1" branch-rate="1" complexity="14">
              <lines />
            </method>
          </methods>
          <lines />
        </class>
        <class name="LiveCharts.Charts.ChartCore" filename="c:\Users\btord\Documents\Projects\LiveCharts\Core40\Charts\ChartCore.cs" line-rate="1" branch-rate="1" complexity="261">
          <methods>
            <method name=".ctor" signature="(...)" line-rate="1" branch-rate="1" complexity="1">
              <lines />
            </method>
            <method name=".cctor" signature="()" line-rate="1" branch-rate="1" complexity="1">
              <lines />
            </method>
            <method name="get_RequiresHoverShape" signature="()" line-rate="1" branch-rate="1" complexity="6">
              <lines />
            </method>
            <method name="PrepareAxes" signature="()" line-rate="1" branch-rate="1" complexity="8">
              <lines />
            </method>
            <method name="RunSpecializedChartComponents" signature="()" line-rate="1" branch-rate="1" complexity="1">
              <lines />
            </method>
            <method name="CalculateComponentsAndMargin" signature="()" line-rate="1" branch-rate="1" complexity="44">
              <lines />
            </method>
            <method name="PlaceLegend" signature="(...)" line-rate="1" branch-rate="1" complexity="6">
              <lines />
            </method>
            <method name="ZoomIn" signature="(...)" line-rate="1" branch-rate="1" complexity="32">
              <lines />
            </method>
            <method name="ZoomOut" signature="(...)" line-rate="1" branch-rate="1" complexity="28">
              <lines />
            </method>
            <method name="ClearZoom" signature="()" line-rate="1" branch-rate="1" complexity="4">
              <lines />
            </method>
            <method name="Drag" signature="(...)" line-rate="1" branch-rate="1" complexity="38">
              <lines />
            </method>
            <method name="StackPoints" signature="(...)" line-rate="1" branch-rate="1" complexity="70">
              <lines />
            </method>
            <method name="SetAxisLimits" signature="(...)" line-rate="1" branch-rate="1" complexity="22">
              <lines />
            </method>
          </methods>
          <lines />
        </class>
        <class name="LiveCharts.Charts.PieChartCore" filename="c:\Users\btord\Documents\Projects\LiveCharts\Core40\Charts\PieChartCore.cs" line-rate="1" branch-rate="1" complexity="21">
          <methods>
            <method name=".ctor" signature="(...)" line-rate="1" branch-rate="1" complexity="1">
              <lines />
            </method>
            <method name="PrepareAxes" signature="()" line-rate="1" branch-rate="1" complexity="20">
              <lines />
            </method>
          </methods>
          <lines />
        </class>
        <class name="LiveCharts.ChartUpdater" filename="c:\Users\btord\Documents\Projects\LiveCharts\Core40\ChartUpdater.cs" line-rate="1" branch-rate="1" complexity="21">
          <methods>
            <method name="InitializeSeriesView" signature="(...)" line-rate="1" branch-rate="1" complexity="1">
              <lines />
            </method>
            <method name="Run" signature="(...)" line-rate="1" branch-rate="1" complexity="1">
              <lines />
            </method>
            <method name="UpdateFrequency" signature="(...)" line-rate="1" branch-rate="1" complexity="1">
              <lines />
            </method>
            <method name="Update" signature="(...)" line-rate="1" branch-rate="1" complexity="18">
              <lines />
            </method>
          </methods>
          <lines />
        </class>
        <class name="LiveCharts.ChartValues.&lt;&gt;c__DisplayClass28&lt;T&gt;" filename="c:\Users\btord\Documents\Projects\LiveCharts\Core40\ChartValues.cs" line-rate="1" branch-rate="1" complexity="NaN">
          <methods />
          <lines />
        </class>
        <class name="LiveCharts.ChartValues.&lt;GetPoints&gt;d__12&lt;T&gt;" filename="c:\Users\btord\Documents\Projects\LiveCharts\Core40\ChartValues.cs" line-rate="1" branch-rate="1" complexity="16">
          <methods>
            <method name="MoveNext" signature="()" line-rate="1" branch-rate="1" complexity="16">
              <lines />
            </method>
          </methods>
          <lines />
        </class>
        <class name="LiveCharts.ChartValues&lt;T&gt;" filename="c:\Users\btord\Documents\Projects\LiveCharts\Core40\ChartValues.cs" line-rate="1" branch-rate="1" complexity="122">
          <methods>
            <method name=".ctor" signature="()" line-rate="1" branch-rate="1" complexity="1">
              <lines />
            </method>
            <method name=".ctor" signature="(...)" line-rate="1" branch-rate="1" complexity="1">
              <lines />
            </method>
            <method name="Initialize" signature="(...)" line-rate="1" branch-rate="1" complexity="74">
              <lines />
            </method>
            <method name="InitializeStep" signature="(...)" line-rate="1" branch-rate="1" complexity="1">
              <lines />
            </method>
            <method name="CollectGarbage" signature="(...)" line-rate="1" branch-rate="1" complexity="6">
              <lines />
            </method>
            <method name="GetTracker" signature="(...)" line-rate="1" branch-rate="1" complexity="2">
              <lines />
            </method>
            <method name="GetConfig" signature="(...)" line-rate="1" branch-rate="1" complexity="10">
              <lines />
            </method>
            <method name="GetChartPoint" signature="(...)" line-rate="1" branch-rate="1" complexity="6">
              <lines />
            </method>
            <method name="ObservableOnPointChanged" signature="()" line-rate="1" branch-rate="1" complexity="2">
              <lines />
            </method>
            <method name="NotifyOnPropertyChanged" signature="(...)" line-rate="1" branch-rate="1" complexity="2">
              <lines />
            </method>
            <method name="GetGarbagePoints" signature="(...)" line-rate="1" branch-rate="1" complexity="1">
              <lines />
            </method>
            <method name="ValidateGarbageCollector" signature="(...)" line-rate="1" branch-rate="1" complexity="6">
              <lines />
            </method>
            <method name="IsGarbage" signature="(...)" line-rate="1" branch-rate="1" complexity="4">
              <lines />
            </method>
            <method name="OnChanged" signature="(...)" line-rate="1" branch-rate="1" complexity="6">
              <lines />
            </method>
          </methods>
          <lines />
        </class>
        <class name="LiveCharts.Configurations.CartesianMapper.&lt;&gt;c__DisplayClass1&lt;T&gt;" filename="c:\Users\btord\Documents\Projects\LiveCharts\Core40\Configurations\CartesianMapper.cs" line-rate="1" branch-rate="1" complexity="NaN">
          <methods />
          <lines />
        </class>
        <class name="LiveCharts.Configurations.CartesianMapper.&lt;&gt;c__DisplayClass4&lt;T&gt;" filename="c:\Users\btord\Documents\Projects\LiveCharts\Core40\Configurations\CartesianMapper.cs" line-rate="1" branch-rate="1" complexity="NaN">
          <methods />
          <lines />
        </class>
        <class name="LiveCharts.Configurations.CartesianMapper.&lt;&gt;c__DisplayClass7&lt;T&gt;" filename="c:\Users\btord\Documents\Projects\LiveCharts\Core40\Configurations\CartesianMapper.cs" line-rate="1" branch-rate="1" complexity="NaN">
          <methods />
          <lines />
        </class>
        <class name="LiveCharts.Configurations.CartesianMapper.&lt;&gt;c__DisplayClassa&lt;T&gt;" filename="c:\Users\btord\Documents\Projects\LiveCharts\Core40\Configurations\CartesianMapper.cs" line-rate="1" branch-rate="1" complexity="NaN">
          <methods />
          <lines />
        </class>
        <class name="LiveCharts.Configurations.CartesianMapper&lt;T&gt;" filename="c:\Users\btord\Documents\Projects\LiveCharts\Core40\Configurations\CartesianMapper.cs" line-rate="1" branch-rate="1" complexity="16">
          <methods>
            <method name="Evaluate" signature="(...)" line-rate="1" branch-rate="1" complexity="4">
              <lines />
            </method>
            <method name="X" signature="(...)" line-rate="1" branch-rate="1" complexity="1">
              <lines />
            </method>
            <method name="X" signature="(...)" line-rate="1" branch-rate="1" complexity="1">
              <lines />
            </method>
            <method name="Y" signature="(...)" line-rate="1" branch-rate="1" complexity="1">
              <lines />
            </method>
            <method name="Y" signature="(...)" line-rate="1" branch-rate="1" complexity="1">
              <lines />
            </method>
            <method name="Stroke" signature="(...)" line-rate="1" branch-rate="1" complexity="1">
              <lines />
            </method>
            <method name="Stroke" signature="(...)" line-rate="1" branch-rate="1" complexity="1">
              <lines />
            </method>
            <method name="Fill" signature="(...)" line-rate="1" branch-rate="1" complexity="1">
              <lines />
            </method>
            <method name="Fill" signature="(...)" line-rate="1" branch-rate="1" complexity="1">
              <lines />
            </method>
            <method name=".ctor" signature="()" line-rate="1" branch-rate="1" complexity="4">
              <lines />
            </method>
          </methods>
          <lines />
        </class>
        <class name="LiveCharts.Configurations.FinancialMapper.&lt;&gt;c__DisplayClass1&lt;T&gt;" filename="c:\Users\btord\Documents\Projects\LiveCharts\Core40\Configurations\FinancialMapper.cs" line-rate="1" branch-rate="1" complexity="NaN">
          <methods />
          <lines />
        </class>
        <class name="LiveCharts.Configurations.FinancialMapper.&lt;&gt;c__DisplayClass10&lt;T&gt;" filename="c:\Users\btord\Documents\Projects\LiveCharts\Core40\Configurations\FinancialMapper.cs" line-rate="1" branch-rate="1" complexity="NaN">
          <methods />
          <lines />
        </class>
        <class name="LiveCharts.Configurations.FinancialMapper.&lt;&gt;c__DisplayClass4&lt;T&gt;" filename="c:\Users\btord\Documents\Projects\LiveCharts\Core40\Configurations\FinancialMapper.cs" line-rate="1" branch-rate="1" complexity="NaN">
          <methods />
          <lines />
        </class>
        <class name="LiveCharts.Configurations.FinancialMapper.&lt;&gt;c__DisplayClass7&lt;T&gt;" filename="c:\Users\btord\Documents\Projects\LiveCharts\Core40\Configurations\FinancialMapper.cs" line-rate="1" branch-rate="1" complexity="NaN">
          <methods />
          <lines />
        </class>
        <class name="LiveCharts.Configurations.FinancialMapper.&lt;&gt;c__DisplayClassa&lt;T&gt;" filename="c:\Users\btord\Documents\Projects\LiveCharts\Core40\Configurations\FinancialMapper.cs" line-rate="1" branch-rate="1" complexity="NaN">
          <methods />
          <lines />
        </class>
        <class name="LiveCharts.Configurations.FinancialMapper.&lt;&gt;c__DisplayClassd&lt;T&gt;" filename="c:\Users\btord\Documents\Projects\LiveCharts\Core40\Configurations\FinancialMapper.cs" line-rate="1" branch-rate="1" complexity="NaN">
          <methods />
          <lines />
        </class>
        <class name="LiveCharts.Configurations.FinancialMapper&lt;T&gt;" filename="c:\Users\btord\Documents\Projects\LiveCharts\Core40\Configurations\FinancialMapper.cs" line-rate="1" branch-rate="1" complexity="17">
          <methods>
            <method name="Evaluate" signature="(...)" line-rate="1" branch-rate="1" complexity="1">
              <lines />
            </method>
            <method name="X" signature="(...)" line-rate="1" branch-rate="1" complexity="1">
              <lines />
            </method>
            <method name="X" signature="(...)" line-rate="1" branch-rate="1" complexity="1">
              <lines />
            </method>
            <method name="Y" signature="(...)" line-rate="1" branch-rate="1" complexity="1">
              <lines />
            </method>
            <method name="Y" signature="(...)" line-rate="1" branch-rate="1" complexity="1">
              <lines />
            </method>
            <method name="Open" signature="(...)" line-rate="1" branch-rate="1" complexity="1">
              <lines />
            </method>
            <method name="Open" signature="(...)" line-rate="1" branch-rate="1" complexity="1">
              <lines />
            </method>
            <method name="High" signature="(...)" line-rate="1" branch-rate="1" complexity="1">
              <lines />
            </method>
            <method name="High" signature="(...)" line-rate="1" branch-rate="1" complexity="1">
              <lines />
            </method>
            <method name="Close" signature="(...)" line-rate="1" branch-rate="1" complexity="1">
              <lines />
            </method>
            <method name="Close" signature="(...)" line-rate="1" branch-rate="1" complexity="1">
              <lines />
            </method>
            <method name="Low" signature="(...)" line-rate="1" branch-rate="1" complexity="1">
              <lines />
            </method>
            <method name="Low" signature="(...)" line-rate="1" branch-rate="1" complexity="1">
              <lines />
            </method>
            <method name=".ctor" signature="()" line-rate="1" branch-rate="1" complexity="4">
              <lines />
            </method>
          </methods>
          <lines />
        </class>
        <class name="LiveCharts.Configurations.GanttMapper.&lt;&gt;c__DisplayClass1&lt;T&gt;" filename="c:\Users\btord\Documents\Projects\LiveCharts\Core40\Configurations\GanttMapper.cs" line-rate="1" branch-rate="1" complexity="NaN">
          <methods />
          <lines />
        </class>
        <class name="LiveCharts.Configurations.GanttMapper.&lt;&gt;c__DisplayClass10&lt;T&gt;" filename="c:\Users\btord\Documents\Projects\LiveCharts\Core40\Configurations\GanttMapper.cs" line-rate="1" branch-rate="1" complexity="NaN">
          <methods />
          <lines />
        </class>
        <class name="LiveCharts.Configurations.GanttMapper.&lt;&gt;c__DisplayClass4&lt;T&gt;" filename="c:\Users\btord\Documents\Projects\LiveCharts\Core40\Configurations\GanttMapper.cs" line-rate="1" branch-rate="1" complexity="NaN">
          <methods />
          <lines />
        </class>
        <class name="LiveCharts.Configurations.GanttMapper.&lt;&gt;c__DisplayClass7&lt;T&gt;" filename="c:\Users\btord\Documents\Projects\LiveCharts\Core40\Configurations\GanttMapper.cs" line-rate="1" branch-rate="1" complexity="NaN">
          <methods />
          <lines />
        </class>
        <class name="LiveCharts.Configurations.GanttMapper.&lt;&gt;c__DisplayClassa&lt;T&gt;" filename="c:\Users\btord\Documents\Projects\LiveCharts\Core40\Configurations\GanttMapper.cs" line-rate="1" branch-rate="1" complexity="NaN">
          <methods />
          <lines />
        </class>
        <class name="LiveCharts.Configurations.GanttMapper.&lt;&gt;c__DisplayClassd&lt;T&gt;" filename="c:\Users\btord\Documents\Projects\LiveCharts\Core40\Configurations\GanttMapper.cs" line-rate="1" branch-rate="1" complexity="NaN">
          <methods />
          <lines />
        </class>
        <class name="LiveCharts.Configurations.GanttMapper&lt;T&gt;" filename="c:\Users\btord\Documents\Projects\LiveCharts\Core40\Configurations\GanttMapper.cs" line-rate="1" branch-rate="1" complexity="24">
          <methods>
            <method name="Evaluate" signature="(...)" line-rate="1" branch-rate="1" complexity="4">
              <lines />
            </method>
            <method name="X" signature="(...)" line-rate="1" branch-rate="1" complexity="1">
              <lines />
            </method>
            <method name="X" signature="(...)" line-rate="1" branch-rate="1" complexity="1">
              <lines />
            </method>
            <method name="XStart" signature="(...)" line-rate="1" branch-rate="1" complexity="1">
              <lines />
            </method>
            <method name="XStart" signature="(...)" line-rate="1" branch-rate="1" complexity="1">
              <lines />
            </method>
            <method name="Y" signature="(...)" line-rate="1" branch-rate="1" complexity="1">
              <lines />
            </method>
            <method name="Y" signature="(...)" line-rate="1" branch-rate="1" complexity="1">
              <lines />
            </method>
            <method name="YStart" signature="(...)" line-rate="1" branch-rate="1" complexity="1">
              <lines />
            </method>
            <method name="YStart" signature="(...)" line-rate="1" branch-rate="1" complexity="1">
              <lines />
            </method>
            <method name="Stroke" signature="(...)" line-rate="1" branch-rate="1" complexity="1">
              <lines />
            </method>
            <method name="Stroke" signature="(...)" line-rate="1" branch-rate="1" complexity="1">
              <lines />
            </method>
            <method name="Fill" signature="(...)" line-rate="1" branch-rate="1" complexity="1">
              <lines />
            </method>
            <method name="Fill" signature="(...)" line-rate="1" branch-rate="1" complexity="1">
              <lines />
            </method>
            <method name=".ctor" signature="()" line-rate="1" branch-rate="1" complexity="8">
              <lines />
            </method>
          </methods>
          <lines />
        </class>
        <class name="LiveCharts.Configurations.Mappers" filename="c:\Users\btord\Documents\Projects\LiveCharts\Core40\Configurations\Mappers.cs" line-rate="1" branch-rate="1" complexity="6">
          <methods>
            <method name="Xy&lt;T&gt;" signature="()" line-rate="1" branch-rate="1" complexity="1">
              <lines />
            </method>
            <method name="Financial&lt;T&gt;" signature="()" line-rate="1" branch-rate="1" complexity="1">
              <lines />
            </method>
            <method name="Weighted&lt;T&gt;" signature="()" line-rate="1" branch-rate="1" complexity="1">
              <lines />
            </method>
            <method name="Gantt&lt;T&gt;" signature="()" line-rate="1" branch-rate="1" complexity="1">
              <lines />
            </method>
            <method name="Polar&lt;T&gt;" signature="()" line-rate="1" branch-rate="1" complexity="1">
              <lines />
            </method>
            <method name="Pie&lt;T&gt;" signature="()" line-rate="1" branch-rate="1" complexity="1">
              <lines />
            </method>
          </methods>
          <lines />
        </class>
        <class name="LiveCharts.Configurations.PieMapper.&lt;&gt;c__DisplayClass1&lt;T&gt;" filename="c:\Users\btord\Documents\Projects\LiveCharts\Core40\Configurations\PieMapper.cs" line-rate="1" branch-rate="1" complexity="NaN">
          <methods />
          <lines />
        </class>
        <class name="LiveCharts.Configurations.PieMapper.&lt;&gt;c__DisplayClass4&lt;T&gt;" filename="c:\Users\btord\Documents\Projects\LiveCharts\Core40\Configurations\PieMapper.cs" line-rate="1" branch-rate="1" complexity="NaN">
          <methods />
          <lines />
        </class>
        <class name="LiveCharts.Configurations.PieMapper.&lt;&gt;c__DisplayClass7&lt;T&gt;" filename="c:\Users\btord\Documents\Projects\LiveCharts\Core40\Configurations\PieMapper.cs" line-rate="1" branch-rate="1" complexity="NaN">
          <methods />
          <lines />
        </class>
        <class name="LiveCharts.Configurations.PieMapper&lt;T&gt;" filename="c:\Users\btord\Documents\Projects\LiveCharts\Core40\Configurations\PieMapper.cs" line-rate="1" branch-rate="1" complexity="14">
          <methods>
            <method name="Evaluate" signature="(...)" line-rate="1" branch-rate="1" complexity="4">
              <lines />
            </method>
            <method name="Value" signature="(...)" line-rate="1" branch-rate="1" complexity="1">
              <lines />
            </method>
            <method name="Value" signature="(...)" line-rate="1" branch-rate="1" complexity="1">
              <lines />
            </method>
            <method name="Stroke" signature="(...)" line-rate="1" branch-rate="1" complexity="1">
              <lines />
            </method>
            <method name="Stroke" signature="(...)" line-rate="1" branch-rate="1" complexity="1">
              <lines />
            </method>
            <method name="Fill" signature="(...)" line-rate="1" branch-rate="1" complexity="1">
              <lines />
            </method>
            <method name="Fill" signature="(...)" line-rate="1" branch-rate="1" complexity="1">
              <lines />
            </method>
            <method name=".ctor" signature="()" line-rate="1" branch-rate="1" complexity="4">
              <lines />
            </method>
          </methods>
          <lines />
        </class>
        <class name="LiveCharts.Configurations.PolarMapper.&lt;&gt;c__DisplayClass1&lt;T&gt;" filename="c:\Users\btord\Documents\Projects\LiveCharts\Core40\Configurations\PolarMapper.cs" line-rate="1" branch-rate="1" complexity="NaN">
          <methods />
          <lines />
        </class>
        <class name="LiveCharts.Configurations.PolarMapper.&lt;&gt;c__DisplayClass4&lt;T&gt;" filename="c:\Users\btord\Documents\Projects\LiveCharts\Core40\Configurations\PolarMapper.cs" line-rate="1" branch-rate="1" complexity="NaN">
          <methods />
          <lines />
        </class>
        <class name="LiveCharts.Configurations.PolarMapper.&lt;&gt;c__DisplayClass7&lt;T&gt;" filename="c:\Users\btord\Documents\Projects\LiveCharts\Core40\Configurations\PolarMapper.cs" line-rate="1" branch-rate="1" complexity="NaN">
          <methods />
          <lines />
        </class>
        <class name="LiveCharts.Configurations.PolarMapper.&lt;&gt;c__DisplayClassa&lt;T&gt;" filename="c:\Users\btord\Documents\Projects\LiveCharts\Core40\Configurations\PolarMapper.cs" line-rate="1" branch-rate="1" complexity="NaN">
          <methods />
          <lines />
        </class>
        <class name="LiveCharts.Configurations.PolarMapper&lt;T&gt;" filename="c:\Users\btord\Documents\Projects\LiveCharts\Core40\Configurations\PolarMapper.cs" line-rate="1" branch-rate="1" complexity="12">
          <methods>
            <method name="Evaluate" signature="(...)" line-rate="1" branch-rate="1" complexity="4">
              <lines />
            </method>
            <method name="Radius" signature="(...)" line-rate="1" branch-rate="1" complexity="1">
              <lines />
            </method>
            <method name="Radius" signature="(...)" line-rate="1" branch-rate="1" complexity="1">
              <lines />
            </method>
            <method name="Angle" signature="(...)" line-rate="1" branch-rate="1" complexity="1">
              <lines />
            </method>
            <method name="Angle" signature="(...)" line-rate="1" branch-rate="1" complexity="1">
              <lines />
            </method>
            <method name="Stroke" signature="(...)" line-rate="1" branch-rate="1" complexity="1">
              <lines />
            </method>
            <method name="Stroke" signature="(...)" line-rate="1" branch-rate="1" complexity="1">
              <lines />
            </method>
            <method name="Fill" signature="(...)" line-rate="1" branch-rate="1" complexity="1">
              <lines />
            </method>
            <method name="Fill" signature="(...)" line-rate="1" branch-rate="1" complexity="1">
              <lines />
            </method>
          </methods>
          <lines />
        </class>
        <class name="LiveCharts.Configurations.WeightedMapper.&lt;&gt;c__DisplayClass1&lt;T&gt;" filename="c:\Users\btord\Documents\Projects\LiveCharts\Core40\Configurations\WeightedMapper.cs" line-rate="1" branch-rate="1" complexity="NaN">
          <methods />
          <lines />
        </class>
        <class name="LiveCharts.Configurations.WeightedMapper.&lt;&gt;c__DisplayClass4&lt;T&gt;" filename="c:\Users\btord\Documents\Projects\LiveCharts\Core40\Configurations\WeightedMapper.cs" line-rate="1" branch-rate="1" complexity="NaN">
          <methods />
          <lines />
        </class>
        <class name="LiveCharts.Configurations.WeightedMapper.&lt;&gt;c__DisplayClass7&lt;T&gt;" filename="c:\Users\btord\Documents\Projects\LiveCharts\Core40\Configurations\WeightedMapper.cs" line-rate="1" branch-rate="1" complexity="NaN">
          <methods />
          <lines />
        </class>
        <class name="LiveCharts.Configurations.WeightedMapper.&lt;&gt;c__DisplayClassa&lt;T&gt;" filename="c:\Users\btord\Documents\Projects\LiveCharts\Core40\Configurations\WeightedMapper.cs" line-rate="1" branch-rate="1" complexity="NaN">
          <methods />
          <lines />
        </class>
        <class name="LiveCharts.Configurations.WeightedMapper.&lt;&gt;c__DisplayClassd&lt;T&gt;" filename="c:\Users\btord\Documents\Projects\LiveCharts\Core40\Configurations\WeightedMapper.cs" line-rate="1" branch-rate="1" complexity="NaN">
          <methods />
          <lines />
        </class>
        <class name="LiveCharts.Configurations.WeightedMapper&lt;T&gt;" filename="c:\Users\btord\Documents\Projects\LiveCharts\Core40\Configurations\WeightedMapper.cs" line-rate="1" branch-rate="1" complexity="20">
          <methods>
            <method name="Evaluate" signature="(...)" line-rate="1" branch-rate="1" complexity="4">
              <lines />
            </method>
            <method name="X" signature="(...)" line-rate="1" branch-rate="1" complexity="1">
              <lines />
            </method>
            <method name="X" signature="(...)" line-rate="1" branch-rate="1" complexity="1">
              <lines />
            </method>
            <method name="Y" signature="(...)" line-rate="1" branch-rate="1" complexity="1">
              <lines />
            </method>
            <method name="Y" signature="(...)" line-rate="1" branch-rate="1" complexity="1">
              <lines />
            </method>
            <method name="Weight" signature="(...)" line-rate="1" branch-rate="1" complexity="1">
              <lines />
            </method>
            <method name="Weight" signature="(...)" line-rate="1" branch-rate="1" complexity="1">
              <lines />
            </method>
            <method name="Stroke" signature="(...)" line-rate="1" branch-rate="1" complexity="1">
              <lines />
            </method>
            <method name="Stroke" signature="(...)" line-rate="1" branch-rate="1" complexity="1">
              <lines />
            </method>
            <method name="Fill" signature="(...)" line-rate="1" branch-rate="1" complexity="1">
              <lines />
            </method>
            <method name="Fill" signature="(...)" line-rate="1" branch-rate="1" complexity="1">
              <lines />
            </method>
            <method name=".ctor" signature="()" line-rate="1" branch-rate="1" complexity="6">
              <lines />
            </method>
          </methods>
          <lines />
        </class>
        <class name="LiveCharts.DateAxisCore" filename="c:\Users\btord\Documents\Projects\LiveCharts\Core40\DateAxisCore.cs" line-rate="1" branch-rate="1" complexity="15">
          <methods>
            <method name=".ctor" signature="(...)" line-rate="1" branch-rate="1" complexity="1">
              <lines />
            </method>
            <method name="GetFormatter" signature="()" line-rate="1" branch-rate="1" complexity="1">
              <lines />
            </method>
            <method name="PrepareChart" signature="(...)" line-rate="1" branch-rate="1" complexity="1">
              <lines />
            </method>
            <method name="FormatLabel" signature="(...)" line-rate="1" branch-rate="1" complexity="6">
              <lines />
            </method>
            <method name="GetdateTime" signature="(...)" line-rate="1" branch-rate="1" complexity="6">
              <lines />
            </method>
          </methods>
          <lines />
        </class>
        <class name="LiveCharts.DateAxisWindow" filename="c:\Users\btord\Documents\Projects\LiveCharts\Core40\DateAxisWindow.cs" line-rate="1" branch-rate="1" complexity="15">
          <methods>
            <method name="IsHeader" signature="(...)" line-rate="1" branch-rate="1" complexity="1">
              <lines />
            </method>
            <method name="IsSeparator" signature="(...)" line-rate="1" branch-rate="1" complexity="1">
              <lines />
            </method>
            <method name="FormatAxisLabel" signature="(...)" line-rate="1" branch-rate="1" complexity="1">
              <lines />
            </method>
            <method name="IsSecond" signature="(...)" line-rate="1" branch-rate="1" complexity="1">
              <lines />
            </method>
            <method name="IsMinute" signature="(...)" line-rate="1" branch-rate="1" complexity="2">
              <lines />
            </method>
            <method name="IsHour" signature="(...)" line-rate="1" branch-rate="1" complexity="2">
              <lines />
            </method>
            <method name="IsDay" signature="(...)" line-rate="1" branch-rate="1" complexity="2">
              <lines />
            </method>
            <method name="IsYear" signature="(...)" line-rate="1" branch-rate="1" complexity="2">
              <lines />
            </method>
            <method name="TryGetSeparatorIndices" signature="(...)" line-rate="1" branch-rate="1" complexity="2">
              <lines />
            </method>
            <method name="Validate" signature="(...)" line-rate="1" branch-rate="1" complexity="1">
              <lines />
            </method>
          </methods>
          <lines />
        </class>
        <class name="LiveCharts.DateAxisWindows.CenturyAxisWindow" filename="c:\Users\btord\Documents\Projects\LiveCharts\Core40\DateAxisWindows.cs" line-rate="1" branch-rate="1" complexity="6">
          <methods>
            <method name="get_MinimumSeparatorWidth" signature="()" line-rate="1" branch-rate="1" complexity="1">
              <lines />
            </method>
            <method name="IsHeader" signature="(...)" line-rate="1" branch-rate="1" complexity="1">
              <lines />
            </method>
            <method name="IsSeparator" signature="(...)" line-rate="1" branch-rate="1" complexity="2">
              <lines />
            </method>
            <method name="FormatAxisLabel" signature="(...)" line-rate="1" branch-rate="1" complexity="1">
              <lines />
            </method>
            <method name="Validate" signature="(...)" line-rate="1" branch-rate="1" complexity="1">
              <lines />
            </method>
          </methods>
          <lines />
        </class>
        <class name="LiveCharts.DateAxisWindows.DayAxisWindow" filename="c:\Users\btord\Documents\Projects\LiveCharts\Core40\DateAxisWindows.cs" line-rate="1" branch-rate="1" complexity="9">
          <methods>
            <method name="get_MinimumSeparatorWidth" signature="()" line-rate="1" branch-rate="1" complexity="1">
              <lines />
            </method>
            <method name="IsHeader" signature="(...)" line-rate="1" branch-rate="1" complexity="2">
              <lines />
            </method>
            <method name="IsSeparator" signature="(...)" line-rate="1" branch-rate="1" complexity="1">
              <lines />
            </method>
            <method name="FormatAxisLabel" signature="(...)" line-rate="1" branch-rate="1" complexity="4">
              <lines />
            </method>
            <method name="Validate" signature="(...)" line-rate="1" branch-rate="1" complexity="1">
              <lines />
            </method>
          </methods>
          <lines />
        </class>
        <class name="LiveCharts.DateAxisWindows.DecadeAxisWindow" filename="c:\Users\btord\Documents\Projects\LiveCharts\Core40\DateAxisWindows.cs" line-rate="1" branch-rate="1" complexity="6">
          <methods>
            <method name="get_MinimumSeparatorWidth" signature="()" line-rate="1" branch-rate="1" complexity="1">
              <lines />
            </method>
            <method name="IsHeader" signature="(...)" line-rate="1" branch-rate="1" complexity="1">
              <lines />
            </method>
            <method name="IsSeparator" signature="(...)" line-rate="1" branch-rate="1" complexity="2">
              <lines />
            </method>
            <method name="FormatAxisLabel" signature="(...)" line-rate="1" branch-rate="1" complexity="1">
              <lines />
            </method>
            <method name="Validate" signature="(...)" line-rate="1" branch-rate="1" complexity="1">
              <lines />
            </method>
          </methods>
          <lines />
        </class>
        <class name="LiveCharts.DateAxisWindows.FifteenSecondsAxisWindow" filename="c:\Users\btord\Documents\Projects\LiveCharts\Core40\DateAxisWindows.cs" line-rate="1" branch-rate="1" complexity="7">
          <methods>
            <method name="get_MinimumSeparatorWidth" signature="()" line-rate="1" branch-rate="1" complexity="1">
              <lines />
            </method>
            <method name="IsHeader" signature="(...)" line-rate="1" branch-rate="1" complexity="2">
              <lines />
            </method>
            <method name="IsSeparator" signature="(...)" line-rate="1" branch-rate="1" complexity="2">
              <lines />
            </method>
            <method name="FormatAxisLabel" signature="(...)" line-rate="1" branch-rate="1" complexity="1">
              <lines />
            </method>
            <method name="Validate" signature="(...)" line-rate="1" branch-rate="1" complexity="1">
              <lines />
            </method>
          </methods>
          <lines />
        </class>
        <class name="LiveCharts.DateAxisWindows.HalfHourAxisWindow" filename="c:\Users\btord\Documents\Projects\LiveCharts\Core40\DateAxisWindows.cs" line-rate="1" branch-rate="1" complexity="8">
          <methods>
            <method name="get_MinimumSeparatorWidth" signature="()" line-rate="1" branch-rate="1" complexity="1">
              <lines />
            </method>
            <method name="IsHeader" signature="(...)" line-rate="1" branch-rate="1" complexity="2">
              <lines />
            </method>
            <method name="IsSeparator" signature="(...)" line-rate="1" branch-rate="1" complexity="2">
              <lines />
            </method>
            <method name="FormatAxisLabel" signature="(...)" line-rate="1" branch-rate="1" complexity="2">
              <lines />
            </method>
            <method name="Validate" signature="(...)" line-rate="1" branch-rate="1" complexity="1">
              <lines />
            </method>
          </methods>
          <lines />
        </class>
        <class name="LiveCharts.DateAxisWindows.HourAxisWindow" filename="c:\Users\btord\Documents\Projects\LiveCharts\Core40\DateAxisWindows.cs" line-rate="1" branch-rate="1" complexity="7">
          <methods>
            <method name="get_MinimumSeparatorWidth" signature="()" line-rate="1" branch-rate="1" complexity="1">
              <lines />
            </method>
            <method name="IsHeader" signature="(...)" line-rate="1" branch-rate="1" complexity="2">
              <lines />
            </method>
            <method name="IsSeparator" signature="(...)" line-rate="1" branch-rate="1" complexity="1">
              <lines />
            </method>
            <method name="FormatAxisLabel" signature="(...)" line-rate="1" branch-rate="1" complexity="2">
              <lines />
            </method>
            <method name="Validate" signature="(...)" line-rate="1" branch-rate="1" complexity="1">
              <lines />
            </method>
          </methods>
          <lines />
        </class>
        <class name="LiveCharts.DateAxisWindows.HundredMilliSecondAxisWindow" filename="c:\Users\btord\Documents\Projects\LiveCharts\Core40\DateAxisWindows.cs" line-rate="1" branch-rate="1" complexity="6">
          <methods>
            <method name="get_MinimumSeparatorWidth" signature="()" line-rate="1" branch-rate="1" complexity="1">
              <lines />
            </method>
            <method name="IsHeader" signature="(...)" line-rate="1" branch-rate="1" complexity="1">
              <lines />
            </method>
            <method name="IsSeparator" signature="(...)" line-rate="1" branch-rate="1" complexity="1">
              <lines />
            </method>
            <method name="FormatAxisLabel" signature="(...)" line-rate="1" branch-rate="1" complexity="2">
              <lines />
            </method>
            <method name="Validate" signature="(...)" line-rate="1" branch-rate="1" complexity="1">
              <lines />
            </method>
          </methods>
          <lines />
        </class>
        <class name="LiveCharts.DateAxisWindows.MillenniumAxisWindow" filename="c:\Users\btord\Documents\Projects\LiveCharts\Core40\DateAxisWindows.cs" line-rate="1" branch-rate="1" complexity="5">
          <methods>
            <method name="get_MinimumSeparatorWidth" signature="()" line-rate="1" branch-rate="1" complexity="1">
              <lines />
            </method>
            <method name="IsHeader" signature="(...)" line-rate="1" branch-rate="1" complexity="1">
              <lines />
            </method>
            <method name="IsSeparator" signature="(...)" line-rate="1" branch-rate="1" complexity="2">
              <lines />
            </method>
            <method name="FormatAxisLabel" signature="(...)" line-rate="1" branch-rate="1" complexity="1">
              <lines />
            </method>
          </methods>
          <lines />
        </class>
        <class name="LiveCharts.DateAxisWindows.MilliSecondAxisWindow" filename="c:\Users\btord\Documents\Projects\LiveCharts\Core40\DateAxisWindows.cs" line-rate="1" branch-rate="1" complexity="6">
          <methods>
            <method name="get_MinimumSeparatorWidth" signature="()" line-rate="1" branch-rate="1" complexity="1">
              <lines />
            </method>
            <method name="IsHeader" signature="(...)" line-rate="1" branch-rate="1" complexity="1">
              <lines />
            </method>
            <method name="IsSeparator" signature="(...)" line-rate="1" branch-rate="1" complexity="1">
              <lines />
            </method>
            <method name="FormatAxisLabel" signature="(...)" line-rate="1" branch-rate="1" complexity="2">
              <lines />
            </method>
            <method name="Validate" signature="(...)" line-rate="1" branch-rate="1" complexity="1">
              <lines />
            </method>
          </methods>
          <lines />
        </class>
        <class name="LiveCharts.DateAxisWindows.MinuteAxisWindow" filename="c:\Users\btord\Documents\Projects\LiveCharts\Core40\DateAxisWindows.cs" line-rate="1" branch-rate="1" complexity="6">
          <methods>
            <method name="get_MinimumSeparatorWidth" signature="()" line-rate="1" branch-rate="1" complexity="1">
              <lines />
            </method>
            <method name="IsHeader" signature="(...)" line-rate="1" branch-rate="1" complexity="2">
              <lines />
            </method>
            <method name="IsSeparator" signature="(...)" line-rate="1" branch-rate="1" complexity="1">
              <lines />
            </method>
            <method name="FormatAxisLabel" signature="(...)" line-rate="1" branch-rate="1" complexity="1">
              <lines />
            </method>
            <method name="Validate" signature="(...)" line-rate="1" branch-rate="1" complexity="1">
              <lines />
            </method>
          </methods>
          <lines />
        </class>
        <class name="LiveCharts.DateAxisWindows.MonthAxisWindow" filename="c:\Users\btord\Documents\Projects\LiveCharts\Core40\DateAxisWindows.cs" line-rate="1" branch-rate="1" complexity="7">
          <methods>
            <method name="get_MinimumSeparatorWidth" signature="()" line-rate="1" branch-rate="1" complexity="1">
              <lines />
            </method>
            <method name="IsHeader" signature="(...)" line-rate="1" branch-rate="1" complexity="1">
              <lines />
            </method>
            <method name="IsSeparator" signature="(...)" line-rate="1" branch-rate="1" complexity="2">
              <lines />
            </method>
            <method name="FormatAxisLabel" signature="(...)" line-rate="1" branch-rate="1" complexity="2">
              <lines />
            </method>
            <method name="Validate" signature="(...)" line-rate="1" branch-rate="1" complexity="1">
              <lines />
            </method>
          </methods>
          <lines />
        </class>
        <class name="LiveCharts.DateAxisWindows.QuarterAxisWindow" filename="c:\Users\btord\Documents\Projects\LiveCharts\Core40\DateAxisWindows.cs" line-rate="1" branch-rate="1" complexity="9">
          <methods>
            <method name="get_MinimumSeparatorWidth" signature="()" line-rate="1" branch-rate="1" complexity="1">
              <lines />
            </method>
            <method name="IsHeader" signature="(...)" line-rate="1" branch-rate="1" complexity="1">
              <lines />
            </method>
            <method name="IsSeparator" signature="(...)" line-rate="1" branch-rate="1" complexity="2">
              <lines />
            </method>
            <method name="FormatAxisLabel" signature="(...)" line-rate="1" branch-rate="1" complexity="4">
              <lines />
            </method>
            <method name="Validate" signature="(...)" line-rate="1" branch-rate="1" complexity="1">
              <lines />
            </method>
          </methods>
          <lines />
        </class>
        <class name="LiveCharts.DateAxisWindows.SecondAxisWindow" filename="c:\Users\btord\Documents\Projects\LiveCharts\Core40\DateAxisWindows.cs" line-rate="1" branch-rate="1" complexity="6">
          <methods>
            <method name="get_MinimumSeparatorWidth" signature="()" line-rate="1" branch-rate="1" complexity="1">
              <lines />
            </method>
            <method name="IsHeader" signature="(...)" line-rate="1" branch-rate="1" complexity="1">
              <lines />
            </method>
            <method name="IsSeparator" signature="(...)" line-rate="1" branch-rate="1" complexity="1">
              <lines />
            </method>
            <method name="FormatAxisLabel" signature="(...)" line-rate="1" branch-rate="1" complexity="2">
              <lines />
            </method>
            <method name="Validate" signature="(...)" line-rate="1" branch-rate="1" complexity="1">
              <lines />
            </method>
          </methods>
          <lines />
        </class>
        <class name="LiveCharts.DateAxisWindows.TenMilliSecondAxisWindow" filename="c:\Users\btord\Documents\Projects\LiveCharts\Core40\DateAxisWindows.cs" line-rate="1" branch-rate="1" complexity="6">
          <methods>
            <method name="get_MinimumSeparatorWidth" signature="()" line-rate="1" branch-rate="1" complexity="1">
              <lines />
            </method>
            <method name="IsHeader" signature="(...)" line-rate="1" branch-rate="1" complexity="1">
              <lines />
            </method>
            <method name="IsSeparator" signature="(...)" line-rate="1" branch-rate="1" complexity="1">
              <lines />
            </method>
            <method name="FormatAxisLabel" signature="(...)" line-rate="1" branch-rate="1" complexity="2">
              <lines />
            </method>
            <method name="Validate" signature="(...)" line-rate="1" branch-rate="1" complexity="1">
              <lines />
            </method>
          </methods>
          <lines />
        </class>
        <class name="LiveCharts.DateAxisWindows.ThirtySecondsAxisWindow" filename="c:\Users\btord\Documents\Projects\LiveCharts\Core40\DateAxisWindows.cs" line-rate="1" branch-rate="1" complexity="7">
          <methods>
            <method name="get_MinimumSeparatorWidth" signature="()" line-rate="1" branch-rate="1" complexity="1">
              <lines />
            </method>
            <method name="IsHeader" signature="(...)" line-rate="1" branch-rate="1" complexity="2">
              <lines />
            </method>
            <method name="IsSeparator" signature="(...)" line-rate="1" branch-rate="1" complexity="2">
              <lines />
            </method>
            <method name="FormatAxisLabel" signature="(...)" line-rate="1" branch-rate="1" complexity="1">
              <lines />
            </method>
            <method name="Validate" signature="(...)" line-rate="1" branch-rate="1" complexity="1">
              <lines />
            </method>
          </methods>
          <lines />
        </class>
        <class name="LiveCharts.DateAxisWindows.WeekAxisWindow" filename="c:\Users\btord\Documents\Projects\LiveCharts\Core40\DateAxisWindows.cs" line-rate="1" branch-rate="1" complexity="6">
          <methods>
            <method name="get_MinimumSeparatorWidth" signature="()" line-rate="1" branch-rate="1" complexity="1">
              <lines />
            </method>
            <method name="IsHeader" signature="(...)" line-rate="1" branch-rate="1" complexity="1">
              <lines />
            </method>
            <method name="IsSeparator" signature="(...)" line-rate="1" branch-rate="1" complexity="2">
              <lines />
            </method>
            <method name="FormatAxisLabel" signature="(...)" line-rate="1" branch-rate="1" complexity="2">
              <lines />
            </method>
          </methods>
          <lines />
        </class>
        <class name="LiveCharts.DateAxisWindows.YearAxisWindow" filename="c:\Users\btord\Documents\Projects\LiveCharts\Core40\DateAxisWindows.cs" line-rate="1" branch-rate="1" complexity="5">
          <methods>
            <method name="get_MinimumSeparatorWidth" signature="()" line-rate="1" branch-rate="1" complexity="1">
              <lines />
            </method>
            <method name="IsHeader" signature="(...)" line-rate="1" branch-rate="1" complexity="1">
              <lines />
            </method>
            <method name="IsSeparator" signature="(...)" line-rate="1" branch-rate="1" complexity="1">
              <lines />
            </method>
            <method name="FormatAxisLabel" signature="(...)" line-rate="1" branch-rate="1" complexity="1">
              <lines />
            </method>
            <method name="Validate" signature="(...)" line-rate="1" branch-rate="1" complexity="1">
              <lines />
            </method>
          </methods>
          <lines />
        </class>
        <class name="LiveCharts.Defaults.AxisLimits" filename="c:\Users\btord\Documents\Projects\LiveCharts\Core40\Defaults\AxisLimits.cs" line-rate="1" branch-rate="1" complexity="7">
          <methods>
            <method name="StretchMax" signature="(...)" line-rate="1" branch-rate="1" complexity="1">
              <lines />
            </method>
            <method name="StretchMin" signature="(...)" line-rate="1" branch-rate="1" complexity="1">
              <lines />
            </method>
            <method name="UnitRight" signature="(...)" line-rate="1" branch-rate="1" complexity="1">
              <lines />
            </method>
            <method name="UnitLeft" signature="(...)" line-rate="1" branch-rate="1" complexity="1">
              <lines />
            </method>
            <method name="SeparatorMax" signature="(...)" line-rate="1" branch-rate="1" complexity="1">
              <lines />
            </method>
            <method name="SeparatorMaxRounded" signature="(...)" line-rate="1" branch-rate="1" complexity="1">
              <lines />
            </method>
            <method name="SeparatorMin" signature="(...)" line-rate="1" branch-rate="1" complexity="1">
              <lines />
            </method>
          </methods>
          <lines />
        </class>
        <class name="LiveCharts.Defaults.DateTimePoint" filename="c:\Users\btord\Documents\Projects\LiveCharts\Core40\Defaults\DateTimePoint.cs" line-rate="1" branch-rate="1" complexity="8">
          <methods>
            <method name=".ctor" signature="()" line-rate="1" branch-rate="1" complexity="1">
              <lines />
            </method>
            <method name=".ctor" signature="(...)" line-rate="1" branch-rate="1" complexity="1">
              <lines />
            </method>
            <method name="get_DateTime" signature="()" line-rate="1" branch-rate="1" complexity="1">
              <lines />
            </method>
            <method name="set_DateTime" signature="(...)" line-rate="1" branch-rate="1" complexity="1">
              <lines />
            </method>
            <method name="get_Value" signature="()" line-rate="1" branch-rate="1" complexity="1">
              <lines />
            </method>
            <method name="set_Value" signature="(...)" line-rate="1" branch-rate="1" complexity="1">
              <lines />
            </method>
            <method name="OnPropertyChanged" signature="(...)" line-rate="1" branch-rate="1" complexity="2">
              <lines />
            </method>
          </methods>
          <lines />
        </class>
        <class name="LiveCharts.Defaults.GanttPoint" filename="c:\Users\btord\Documents\Projects\LiveCharts\Core40\Defaults\GanttPoint.cs" line-rate="1" branch-rate="1" complexity="8">
          <methods>
            <method name=".ctor" signature="()" line-rate="1" branch-rate="1" complexity="1">
              <lines />
            </method>
            <method name=".ctor" signature="(...)" line-rate="1" branch-rate="1" complexity="1">
              <lines />
            </method>
            <method name="get_StartPoint" signature="()" line-rate="1" branch-rate="1" complexity="1">
              <lines />
            </method>
            <method name="set_StartPoint" signature="(...)" line-rate="1" branch-rate="1" complexity="1">
              <lines />
            </method>
            <method name="get_EndPoint" signature="()" line-rate="1" branch-rate="1" complexity="1">
              <lines />
            </method>
            <method name="set_EndPoint" signature="(...)" line-rate="1" branch-rate="1" complexity="1">
              <lines />
            </method>
            <method name="OnPropertyChanged" signature="(...)" line-rate="1" branch-rate="1" complexity="2">
              <lines />
            </method>
          </methods>
          <lines />
        </class>
        <class name="LiveCharts.Defaults.HeatPoint" filename="c:\Users\btord\Documents\Projects\LiveCharts\Core40\Defaults\HeatPoint.cs" line-rate="1" branch-rate="1" complexity="2">
          <methods>
            <method name=".ctor" signature="()" line-rate="1" branch-rate="1" complexity="1">
              <lines />
            </method>
            <method name=".ctor" signature="(...)" line-rate="1" branch-rate="1" complexity="1">
              <lines />
            </method>
          </methods>
          <lines />
        </class>
        <class name="LiveCharts.Defaults.ObservablePoint" filename="c:\Users\btord\Documents\Projects\LiveCharts\Core40\Defaults\ObservablePoint.cs" line-rate="1" branch-rate="1" complexity="8">
          <methods>
            <method name=".ctor" signature="()" line-rate="1" branch-rate="1" complexity="1">
              <lines />
            </method>
            <method name=".ctor" signature="(...)" line-rate="1" branch-rate="1" complexity="1">
              <lines />
            </method>
            <method name="get_X" signature="()" line-rate="1" branch-rate="1" complexity="1">
              <lines />
            </method>
            <method name="set_X" signature="(...)" line-rate="1" branch-rate="1" complexity="1">
              <lines />
            </method>
            <method name="get_Y" signature="()" line-rate="1" branch-rate="1" complexity="1">
              <lines />
            </method>
            <method name="set_Y" signature="(...)" line-rate="1" branch-rate="1" complexity="1">
              <lines />
            </method>
            <method name="OnPropertyChanged" signature="(...)" line-rate="1" branch-rate="1" complexity="2">
              <lines />
            </method>
          </methods>
          <lines />
        </class>
        <class name="LiveCharts.Defaults.ObservableValue" filename="c:\Users\btord\Documents\Projects\LiveCharts\Core40\Defaults\ObservableValue.cs" line-rate="1" branch-rate="1" complexity="6">
          <methods>
            <method name=".ctor" signature="()" line-rate="1" branch-rate="1" complexity="1">
              <lines />
            </method>
            <method name=".ctor" signature="(...)" line-rate="1" branch-rate="1" complexity="1">
              <lines />
            </method>
            <method name="get_Value" signature="()" line-rate="1" branch-rate="1" complexity="1">
              <lines />
            </method>
            <method name="set_Value" signature="(...)" line-rate="1" branch-rate="1" complexity="1">
              <lines />
            </method>
            <method name="OnPropertyChanged" signature="(...)" line-rate="1" branch-rate="1" complexity="2">
              <lines />
            </method>
          </methods>
          <lines />
        </class>
        <class name="LiveCharts.Defaults.OhlcPoint" filename="c:\Users\btord\Documents\Projects\LiveCharts\Core40\Defaults\OHLCPoint.cs" line-rate="1" branch-rate="1" complexity="12">
          <methods>
            <method name=".ctor" signature="()" line-rate="1" branch-rate="1" complexity="1">
              <lines />
            </method>
            <method name=".ctor" signature="(...)" line-rate="1" branch-rate="1" complexity="1">
              <lines />
            </method>
            <method name="get_Open" signature="()" line-rate="1" branch-rate="1" complexity="1">
              <lines />
            </method>
            <method name="set_Open" signature="(...)" line-rate="1" branch-rate="1" complexity="1">
              <lines />
            </method>
            <method name="get_High" signature="()" line-rate="1" branch-rate="1" complexity="1">
              <lines />
            </method>
            <method name="set_High" signature="(...)" line-rate="1" branch-rate="1" complexity="1">
              <lines />
            </method>
            <method name="get_Low" signature="()" line-rate="1" branch-rate="1" complexity="1">
              <lines />
            </method>
            <method name="set_Low" signature="(...)" line-rate="1" branch-rate="1" complexity="1">
              <lines />
            </method>
            <method name="get_Close" signature="()" line-rate="1" branch-rate="1" complexity="1">
              <lines />
            </method>
            <method name="set_Close" signature="(...)" line-rate="1" branch-rate="1" complexity="1">
              <lines />
            </method>
            <method name="OnPropertyChanged" signature="(...)" line-rate="1" branch-rate="1" complexity="2">
              <lines />
            </method>
          </methods>
          <lines />
        </class>
        <class name="LiveCharts.Defaults.PolarPoint" filename="c:\Users\btord\Documents\Projects\LiveCharts\Core40\Defaults\PolarPoint.cs" line-rate="1" branch-rate="1" complexity="8">
          <methods>
            <method name=".ctor" signature="()" line-rate="1" branch-rate="1" complexity="1">
              <lines />
            </method>
            <method name=".ctor" signature="(...)" line-rate="1" branch-rate="1" complexity="1">
              <lines />
            </method>
            <method name="get_Radius" signature="()" line-rate="1" branch-rate="1" complexity="1">
              <lines />
            </method>
            <method name="set_Radius" signature="(...)" line-rate="1" branch-rate="1" complexity="1">
              <lines />
            </method>
            <method name="get_Angle" signature="()" line-rate="1" branch-rate="1" complexity="1">
              <lines />
            </method>
            <method name="set_Angle" signature="(...)" line-rate="1" branch-rate="1" complexity="1">
              <lines />
            </method>
            <method name="OnPropertyChanged" signature="(...)" line-rate="1" branch-rate="1" complexity="2">
              <lines />
            </method>
          </methods>
          <lines />
        </class>
        <class name="LiveCharts.Defaults.ScatterPoint" filename="c:\Users\btord\Documents\Projects\LiveCharts\Core40\Defaults\ScatterPoint.cs" line-rate="1" branch-rate="1" complexity="11">
          <methods>
            <method name=".ctor" signature="()" line-rate="1" branch-rate="1" complexity="1">
              <lines />
            </method>
            <method name=".ctor" signature="(...)" line-rate="1" branch-rate="1" complexity="1">
              <lines />
            </method>
            <method name=".ctor" signature="(...)" line-rate="1" branch-rate="1" complexity="1">
              <lines />
            </method>
            <method name="get_X" signature="()" line-rate="1" branch-rate="1" complexity="1">
              <lines />
            </method>
            <method name="set_X" signature="(...)" line-rate="1" branch-rate="1" complexity="1">
              <lines />
            </method>
            <method name="get_Y" signature="()" line-rate="1" branch-rate="1" complexity="1">
              <lines />
            </method>
            <method name="set_Y" signature="(...)" line-rate="1" branch-rate="1" complexity="1">
              <lines />
            </method>
            <method name="get_Weight" signature="()" line-rate="1" branch-rate="1" complexity="1">
              <lines />
            </method>
            <method name="set_Weight" signature="(...)" line-rate="1" branch-rate="1" complexity="1">
              <lines />
            </method>
            <method name="OnPropertyChanged" signature="(...)" line-rate="1" branch-rate="1" complexity="2">
              <lines />
            </method>
          </methods>
          <lines />
        </class>
        <class name="LiveCharts.Dtos.BezierData" filename="c:\Users\btord\Documents\Projects\LiveCharts\Core40\Dtos\BezierData.cs" line-rate="1" branch-rate="1" complexity="2">
          <methods>
            <method name=".ctor" signature="()" line-rate="1" branch-rate="1" complexity="1">
              <lines />
            </method>
            <method name=".ctor" signature="(...)" line-rate="1" branch-rate="1" complexity="1">
              <lines />
            </method>
          </methods>
          <lines />
        </class>
        <class name="LiveCharts.Dtos.CoreColor" filename="c:\Users\btord\Documents\Projects\LiveCharts\Core40\Dtos\CoreColor.cs" line-rate="1" branch-rate="1" complexity="1">
          <methods>
            <method name=".ctor" signature="(...)" line-rate="1" branch-rate="1" complexity="1">
              <lines />
            </method>
          </methods>
          <lines />
        </class>
        <class name="LiveCharts.Dtos.CoreLimit" filename="c:\Users\btord\Documents\Projects\LiveCharts\Core40\Dtos\CoreLimit.cs" line-rate="1" branch-rate="1" complexity="2">
          <methods>
            <method name=".ctor" signature="(...)" line-rate="1" branch-rate="1" complexity="1">
              <lines />
            </method>
            <method name="get_Range" signature="()" line-rate="1" branch-rate="1" complexity="1">
              <lines />
            </method>
          </methods>
          <lines />
        </class>
        <class name="LiveCharts.Dtos.CorePoint" filename="c:\Users\btord\Documents\Projects\LiveCharts\Core40\Dtos\CorePoint.cs" line-rate="1" branch-rate="1" complexity="4">
          <methods>
            <method name=".ctor" signature="(...)" line-rate="1" branch-rate="1" complexity="1">
              <lines />
            </method>
            <method name=".ctor" signature="(...)" line-rate="1" branch-rate="1" complexity="1">
              <lines />
            </method>
            <method name="op_Addition" signature="(...)" line-rate="1" branch-rate="1" complexity="1">
              <lines />
            </method>
            <method name="op_Subtraction" signature="(...)" line-rate="1" branch-rate="1" complexity="1">
              <lines />
            </method>
          </methods>
          <lines />
        </class>
        <class name="LiveCharts.Dtos.CoreRectangle" filename="c:\Users\btord\Documents\Projects\LiveCharts\Core40\Dtos\CoreRectangle.cs" line-rate="1" branch-rate="1" complexity="18">
          <methods>
            <method name=".ctor" signature="()" line-rate="1" branch-rate="1" complexity="1">
              <lines />
            </method>
            <method name=".ctor" signature="(...)" line-rate="1" branch-rate="1" complexity="1">
              <lines />
            </method>
            <method name="get_Left" signature="()" line-rate="1" branch-rate="1" complexity="1">
              <lines />
            </method>
            <method name="set_Left" signature="(...)" line-rate="1" branch-rate="1" complexity="2">
              <lines />
            </method>
            <method name="get_Top" signature="()" line-rate="1" branch-rate="1" complexity="1">
              <lines />
            </method>
            <method name="set_Top" signature="(...)" line-rate="1" branch-rate="1" complexity="2">
              <lines />
            </method>
            <method name="get_Width" signature="()" line-rate="1" branch-rate="1" complexity="1">
              <lines />
            </method>
            <method name="set_Width" signature="(...)" line-rate="1" branch-rate="1" complexity="4">
              <lines />
            </method>
            <method name="get_Height" signature="()" line-rate="1" branch-rate="1" complexity="1">
              <lines />
            </method>
            <method name="set_Height" signature="(...)" line-rate="1" branch-rate="1" complexity="4">
              <lines />
            </method>
          </methods>
          <lines />
        </class>
        <class name="LiveCharts.Dtos.CoreSize" filename="c:\Users\btord\Documents\Projects\LiveCharts\Core40\Dtos\CoreSize.cs" line-rate="1" branch-rate="1" complexity="1">
          <methods>
            <method name=".ctor" signature="(...)" line-rate="1" branch-rate="1" complexity="1">
              <lines />
            </method>
          </methods>
          <lines />
        </class>
        <class name="LiveCharts.Dtos.LabelEvaluation" filename="c:\Users\btord\Documents\Projects\LiveCharts\Core40\Dtos\LabelEvaluation.cs" line-rate="1" branch-rate="1" complexity="34">
          <methods>
            <method name=".ctor" signature="(...)" line-rate="1" branch-rate="1" complexity="30">
              <lines />
            </method>
            <method name="get_TakenWidth" signature="()" line-rate="1" branch-rate="1" complexity="1">
              <lines />
            </method>
            <method name="get_TakenHeight" signature="()" line-rate="1" branch-rate="1" complexity="1">
              <lines />
            </method>
            <method name="GetOffsetBySource" signature="(...)" line-rate="1" branch-rate="1" complexity="2">
              <lines />
            </method>
          </methods>
          <lines />
        </class>
        <class name="LiveCharts.Dtos.StackedSum" filename="c:\Users\btord\Documents\Projects\LiveCharts\Core40\Dtos\StackedSum.cs" line-rate="1" branch-rate="1" complexity="2">
          <methods>
            <method name=".ctor" signature="(...)" line-rate="1" branch-rate="1" complexity="2">
              <lines />
            </method>
          </methods>
          <lines />
        </class>
        <class name="LiveCharts.Events.PreviewRangeChangedEventArgs" filename="c:\Users\btord\Documents\Projects\LiveCharts\Core40\Events\PreviewRangeChangedEventArgs.cs" line-rate="1" branch-rate="1" complexity="2">
          <methods>
            <method name=".ctor" signature="()" line-rate="1" branch-rate="1" complexity="1">
              <lines />
            </method>
            <method name=".ctor" signature="(...)" line-rate="1" branch-rate="1" complexity="1">
              <lines />
            </method>
          </methods>
          <lines />
        </class>
        <class name="LiveCharts.Helpers.Extentions" filename="c:\Users\btord\Documents\Projects\LiveCharts\Core40\Helpers\Extentions.cs" line-rate="1" branch-rate="1" complexity="22">
          <methods>
            <method name="ForEach&lt;T&gt;" signature="(...)" line-rate="1" branch-rate="1" complexity="4">
              <lines />
            </method>
            <method name="Invert" signature="(...)" line-rate="1" branch-rate="1" complexity="2">
              <lines />
            </method>
            <method name="AsChartValues&lt;T&gt;" signature="(...)" line-rate="1" branch-rate="1" complexity="1">
              <lines />
            </method>
            <method name="AsSeriesCollection" signature="(...)" line-rate="1" branch-rate="1" complexity="1">
              <lines />
            </method>
            <method name="ClosestPointTo" signature="(...)" line-rate="1" branch-rate="1" complexity="8">
              <lines />
            </method>
            <method name="MoveNext" signature="()" line-rate="1" branch-rate="1" complexity="6">
              <lines />
            </method>
          </methods>
          <lines />
        </class>
        <class name="LiveCharts.Helpers.LiveChartsException" filename="c:\Users\btord\Documents\Projects\LiveCharts\Core40\Helpers\LiveChartsException.cs" line-rate="1" branch-rate="1" complexity="4">
          <methods>
            <method name=".ctor" signature="()" line-rate="1" branch-rate="1" complexity="1">
              <lines />
            </method>
            <method name=".ctor" signature="(...)" line-rate="1" branch-rate="1" complexity="1">
              <lines />
            </method>
            <method name=".ctor" signature="(...)" line-rate="1" branch-rate="1" complexity="1">
              <lines />
            </method>
            <method name=".ctor" signature="(...)" line-rate="1" branch-rate="1" complexity="1">
              <lines />
            </method>
          </methods>
          <lines />
        </class>
        <class name="LiveCharts.Helpers.NoisyCollection&lt;T&gt;" filename="c:\Users\btord\Documents\Projects\LiveCharts\Core40\Helpers\NoisyCollection.cs" line-rate="1" branch-rate="1" complexity="53">
          <methods>
            <method name=".ctor" signature="()" line-rate="1" branch-rate="1" complexity="1">
              <lines />
            </method>
            <method name=".ctor" signature="(...)" line-rate="1" branch-rate="1" complexity="1">
              <lines />
            </method>
            <method name="LiveCharts.Helpers.INoisyCollection.add_NoisyCollectionChanged" signature="(...)" line-rate="1" branch-rate="1" complexity="1">
              <lines />
            </method>
            <method name="LiveCharts.Helpers.INoisyCollection.remove_NoisyCollectionChanged" signature="(...)" line-rate="1" branch-rate="1" complexity="1">
              <lines />
            </method>
            <method name="System.ComponentModel.INotifyPropertyChanged.add_PropertyChanged" signature="(...)" line-rate="1" branch-rate="1" complexity="1">
              <lines />
            </method>
            <method name="System.ComponentModel.INotifyPropertyChanged.remove_PropertyChanged" signature="(...)" line-rate="1" branch-rate="1" complexity="1">
              <lines />
            </method>
            <method name="get_Item" signature="(...)" line-rate="1" branch-rate="1" complexity="1">
              <lines />
            </method>
            <method name="set_Item" signature="(...)" line-rate="1" branch-rate="1" complexity="1">
              <lines />
            </method>
            <method name="System.Collections.IList.get_Item" signature="(...)" line-rate="1" branch-rate="1" complexity="1">
              <lines />
            </method>
            <method name="System.Collections.IList.set_Item" signature="(...)" line-rate="1" branch-rate="1" complexity="1">
              <lines />
            </method>
            <method name="GetEnumerator" signature="()" line-rate="1" branch-rate="1" complexity="1">
              <lines />
            </method>
            <method name="System.Collections.IEnumerable.GetEnumerator" signature="()" line-rate="1" branch-rate="1" complexity="1">
              <lines />
            </method>
            <method name="get_Count" signature="()" line-rate="1" branch-rate="1" complexity="1">
              <lines />
            </method>
            <method name="System.Collections.Generic.ICollection&lt;T&gt;.get_IsReadOnly" signature="()" line-rate="1" branch-rate="1" complexity="1">
              <lines />
            </method>
[...]
            <line number="19" hits="1" branch="false" />
            <line number="20" hits="1" branch="false" />
            <line number="21" hits="1" branch="false" />
            <line number="22" hits="1" branch="false" />
            <line number="23" hits="1" branch="false" />
            <line number="25" hits="1" branch="false" />
            <line number="26" hits="1" branch="false" />
            <line number="29" hits="1" branch="false" />
            <line number="30" hits="1" branch="true" condition-coverage="100% (2/2)" />
            <line number="31" hits="1" branch="false" />
            <line number="32" hits="1" branch="true" condition-coverage="100% (2/2)" />
            <line number="33" hits="1" branch="false" />
            <line number="34" hits="1" branch="true" condition-coverage="100% (4/4)" />
            <line number="35" hits="1" branch="false" />
            <line number="38" hits="1" branch="true" condition-coverage="100% (2/2)" />
            <line number="39" hits="1" branch="false" />
            <line number="40" hits="1" branch="false" />
            <line number="41" hits="1" branch="false" />
            <line number="42" hits="1" branch="false" />
          </lines>
        </class>
        <class name="Signals.Sinusoid" filename="D:\Visual\Projects\Signals\Signals\Class\Sinusoid.cs" line-rate="1" branch-rate="1" complexity="2">
          <methods>
            <method name="Generate" signature="()" line-rate="1" branch-rate="1" complexity="2">
              <lines>
                <line number="13" hits="1" branch="false" />
                <line number="14" hits="1" branch="false" />
                <line number="16" hits="1" branch="true" condition-coverage="100% (2/2)" />
                <line number="17" hits="1" branch="false" />
                <line number="18" hits="1" branch="false" />
                <line number="19" hits="1" branch="false" />
                <line number="20" hits="1" branch="false" />
                <line number="22" hits="1" branch="false" />
                <line number="23" hits="1" branch="false" />
              </lines>
            </method>
          </methods>
          <lines>
            <line number="13" hits="1" branch="false" />
            <line number="14" hits="1" branch="false" />
            <line number="16" hits="1" branch="true" condition-coverage="100% (2/2)" />
            <line number="17" hits="1" branch="false" />
            <line number="18" hits="1" branch="false" />
            <line number="19" hits="1" branch="false" />
            <line number="20" hits="1" branch="false" />
            <line number="22" hits="1" branch="false" />
            <line number="23" hits="1" branch="false" />
          </lines>
        </class>
        <class name="Signals.Triangle" filename="D:\Visual\Projects\Signals\Signals\Class\Triangle.cs" line-rate="0" branch-rate="0" complexity="2">
          <methods>
            <method name="Generate" signature="()" line-rate="0" branch-rate="0" complexity="2">
              <lines>
                <line number="12" hits="0" branch="false" />
                <line number="13" hits="0" branch="false" />
                <line number="14" hits="0" branch="false" />
                <line number="15" hits="0" branch="true" condition-coverage="0% (0/2)" />
                <line number="16" hits="0" branch="false" />
                <line number="18" hits="0" branch="false" />
                <line number="19" hits="0" branch="false" />
                <line number="20" hits="0" branch="false" />
                <line number="21" hits="0" branch="false" />
                <line number="23" hits="0" branch="false" />
                <line number="24" hits="0" branch="false" />
              </lines>
            </method>
          </methods>
          <lines>
            <line number="12" hits="0" branch="false" />
            <line number="13" hits="0" branch="false" />
            <line number="14" hits="0" branch="false" />
            <line number="15" hits="0" branch="true" condition-coverage="0% (0/2)" />
            <line number="16" hits="0" branch="false" />
            <line number="18" hits="0" branch="false" />
            <line number="19" hits="0" branch="false" />
            <line number="20" hits="0" branch="false" />
            <line number="21" hits="0" branch="false" />
            <line number="23" hits="0" branch="false" />
            <line number="24" hits="0" branch="false" />
          </lines>
        </class>
      </classes>
    </package>
    <package name="TestGenerationSignal" line-rate="0" branch-rate="0" complexity="6">
      <classes>
        <class name="SignalsTests.GenerationTest" filename="D:\Visual\Projects\Signals\TestProject1\UnitTest1.cs" line-rate="1" branch-rate="1" complexity="6">
          <methods>
            <method name="Sinusoid_Generate_CorrectValues" signature="()" line-rate="1" branch-rate="1" complexity="1">
              <lines />
            </method>
            <method name="Meandr_Generate_CorrectValues" signature="()" line-rate="1" branch-rate="1" complexity="4">
              <lines />
            </method>
            <method name="Sinusoid_Generate_DifferentParameters_CorrectLength" signature="(...)" line-rate="1" branch-rate="1" complexity="1">
              <lines />
            </method>
          </methods>
          <lines />
        </class>
      </classes>
    </package>
    <package name="TestProject1" line-rate="0" branch-rate="0" complexity="6">
      <classes>
        <class name="SignalsTests.GenerationTest" filename="D:\Visual\Projects\Signals\TestProject1\UnitTest1.cs" line-rate="1" branch-rate="1" complexity="6">
          <methods>
            <method name="Sinusoid_Generate_CorrectValues" signature="()" line-rate="1" branch-rate="1" complexity="1">
              <lines />
            </method>
            <method name="Meandr_Generate_CorrectValues" signature="()" line-rate="1" branch-rate="1" complexity="4">
              <lines />
            </method>
            <method name="Sinusoid_Generate_DifferentParameters_CorrectLength" signature="(...)" line-rate="1" branch-rate="1" complexity="1">
              <lines />
            </method>
          </methods>
          <lines />
        </class>
      </classes>
    </package>
    <package name="TestsSignal" line-rate="1" branch-rate="1" complexity="16">
      <classes>
        <class name="TestsSignal.GenerationTest" filename="D:\Visual\Projects\Signals\TestProject1\GenerationTest.cs" line-rate="1" branch-rate="1" complexity="6">
          <methods>
            <method name="Sinusoid_Generate_CorrectValues" signature="()" line-rate="1" branch-rate="1" complexity="1">
              <lines>
                <line number="11" hits="1" branch="false" />
                <line number="13" hits="1" branch="false" />
                <line number="14" hits="1" branch="false" />
                <line number="15" hits="1" branch="false" />
                <line number="16" hits="1" branch="false" />
                <line number="19" hits="1" branch="false" />
                <line number="20" hits="1" branch="false" />
                <line number="23" hits="1" branch="false" />
                <line number="24" hits="1" branch="false" />
                <line number="27" hits="1" branch="false" />
                <line number="28" hits="1" branch="false" />
              </lines>
            </method>
            <method name="Meandr_Generate_CorrectValues" signature="()" line-rate="1" branch-rate="1" complexity="4">
              <lines>
                <line number="32" hits="1" branch="false" />
                <line number="34" hits="1" branch="false" />
                <line number="35" hits="1" branch="false" />
                <line number="36" hits="1" branch="false" />
                <line number="37" hits="1" branch="false" />
                <line number="40" hits="1" branch="false" />
                <line number="41" hits="1" branch="false" />
                <line number="44" hits="1" branch="false" />
                <line number="47" hits="1" branch="false" />
                <line number="48" hits="1" branch="true" condition-coverage="100% (2/2)" />
                <line number="51" hits="1" branch="false" />
                <line number="52" hits="1" branch="true" condition-coverage="100% (2/2)" />
                <line number="53" hits="1" branch="false" />
                <line number="54" hits="1" branch="true" condition-coverage="100% (2/2)" />
                <line number="55" hits="1" branch="false" />
                <line number="56" hits="1" branch="false" />
                <line number="57" hits="1" branch="false" />
                <line number="59" hits="1" branch="false" />
                <line number="60" hits="1" branch="false" />
                <line number="61" hits="1" branch="false" />
              </lines>
            </method>
            <method name="Sinusoid_Generate_DifferentParameters_CorrectLength" signature="(...)" line-rate="1" branch-rate="1" complexity="1">
              <lines>
                <line number="68" hits="1" branch="false" />
                <line number="70" hits="1" branch="false" />
                <line number="73" hits="1" branch="false" />
                <line number="74" hits="1" branch="false" />
                <line number="77" hits="1" branch="false" />
                <line number="78" hits="1" branch="false" />
              </lines>
            </method>
          </methods>
          <lines>
            <line number="11" hits="1" branch="false" />
            <line number="13" hits="1" branch="false" />
            <line number="14" hits="1" branch="false" />
            <line number="15" hits="1" branch="false" />
            <line number="16" hits="1" branch="false" />
            <line number="19" hits="1" branch="false" />
            <line number="20" hits="1" branch="false" />
            <line number="23" hits="1" branch="false" />
            <line number="24" hits="1" branch="false" />
            <line number="27" hits="1" branch="false" />
            <line number="28" hits="1" branch="false" />
            <line number="32" hits="1" branch="false" />
            <line number="34" hits="1" branch="false" />
            <line number="35" hits="1" branch="false" />
            <line number="36" hits="1" branch="false" />
            <line number="37" hits="1" branch="false" />
            <line number="40" hits="1" branch="false" />
            <line number="41" hits="1" branch="false" />
            <line number="44" hits="1" branch="false" />
            <line number="47" hits="1" branch="false" />
            <line number="48" hits="1" branch="true" condition-coverage="100% (2/2)" />
            <line number="51" hits="1" branch="false" />
            <line number="52" hits="1" branch="true" condition-coverage="100% (2/2)" />
            <line number="53" hits="1" branch="false" />
            <line number="54" hits="1" branch="true" condition-coverage="100% (2/2)" />
            <line number="55" hits="1" branch="false" />
            <line number="56" hits="1" branch="false" />
            <line number="57" hits="1" branch="false" />
            <line number="59" hits="1" branch="false" />
            <line number="60" hits="1" branch="false" />
            <line number="61" hits="1" branch="false" />
            <line number="68" hits="1" branch="false" />
            <line number="70" hits="1" branch="false" />
            <line number="73" hits="1" branch="false" />
            <line number="74" hits="1" branch="false" />
            <line number="77" hits="1" branch="false" />
            <line number="78" hits="1" branch="false" />
          </lines>
        </class>
        <class name="TestsSignal.StatisticsTest" filename="D:\Visual\Projects\Signals\TestProject1\StatisticsTest.cs" line-rate="1" branch-rate="1" complexity="6">
          <methods>
            <method name="StatisticSignal_ReturnsCorrectValues" signature="()" line-rate="1" branch-rate="1" complexity="6">
              <lines>
                <line number="12" hits="1" branch="false" />
                <line number="14" hits="1" branch="false" />
                <line number="15" hits="1" branch="false" />
                <line number="16" hits="1" branch="false" />
                <line number="17" hits="1" branch="false" />
                <line number="20" hits="1" branch="false" />
                <line number="22" hits="1" branch="false" />
                <line number="23" hits="1" branch="false" />
                <line number="24" hits="1" branch="false" />
                <line number="25" hits="1" branch="false" />
                <line number="26" hits="1" branch="true" condition-coverage="100% (2/2)" />
                <line number="27" hits="1" branch="false" />
                <line number="28" hits="1" branch="false" />
                <line number="29" hits="1" branch="false" />
                <line number="31" hits="1" branch="false" />
                <line number="32" hits="1" branch="true" condition-coverage="100% (2/2)" />
                <line number="33" hits="1" branch="false" />
                <line number="34" hits="1" branch="true" condition-coverage="100% (2/2)" />
                <line number="35" hits="1" branch="false" />
                <line number="36" hits="1" branch="false" />
                <line number="37" hits="1" branch="false" />
                <line number="38" hits="1" branch="false" />
                <line number="40" hits="1" branch="false" />
                <line number="41" hits="1" branch="false" />
                <line number="42" hits="1" branch="false" />
                <line number="43" hits="1" branch="false" />
                <line number="44" hits="1" branch="false" />
                <line number="45" hits="1" branch="false" />
              </lines>
            </method>
          </methods>
          <lines>
            <line number="12" hits="1" branch="false" />
            <line number="14" hits="1" branch="false" />
            <line number="15" hits="1" branch="false" />
            <line number="16" hits="1" branch="false" />
            <line number="17" hits="1" branch="false" />
            <line number="20" hits="1" branch="false" />
            <line number="22" hits="1" branch="false" />
            <line number="23" hits="1" branch="false" />
            <line number="24" hits="1" branch="false" />
            <line number="25" hits="1" branch="false" />
            <line number="26" hits="1" branch="true" condition-coverage="100% (2/2)" />
            <line number="27" hits="1" branch="false" />
            <line number="28" hits="1" branch="false" />
            <line number="29" hits="1" branch="false" />
            <line number="31" hits="1" branch="false" />
            <line number="32" hits="1" branch="true" condition-coverage="100% (2/2)" />
            <line number="33" hits="1" branch="false" />
            <line number="34" hits="1" branch="true" condition-coverage="100% (2/2)" />
            <line number="35" hits="1" branch="false" />
            <line number="36" hits="1" branch="false" />
            <line number="37" hits="1" branch="false" />
            <line number="38" hits="1" branch="false" />
            <line number="40" hits="1" branch="false" />
            <line number="41" hits="1" branch="false" />
            <line number="42" hits="1" branch="false" />
            <line number="43" hits="1" branch="false" />
            <line number="44" hits="1" branch="false" />
            <line number="45" hits="1" branch="false" />
          </lines>
        </class>
        <class name="TestsSignal.ValidationTest" filename="D:\Visual\Projects\Signals\TestProject1\ValidationTest.cs" line-rate="1" branch-rate="1" complexity="4">
          <methods>
            <method name="SignalBase_InvalidAmplitude_ThrowsException" signature="(...)" line-rate="1" branch-rate="1" complexity="1">
              <lines>
                <line number="13" hits="1" branch="false" />
                <line number="15" hits="1" branch="false" />
                <line number="18" hits="1" branch="false" />
                <line number="19" hits="1" branch="false" />
                <line number="21" hits="1" branch="false" />
                <line number="22" hits="1" branch="false" />
              </lines>
            </method>
            <method name="SignalBase_InvalidFrequency_ThrowsException" signature="(...)" line-rate="1" branch-rate="1" complexity="1">
              <lines>
                <line number="28" hits="1" branch="false" />
                <line number="30" hits="1" branch="false" />
                <line number="33" hits="1" branch="false" />
                <line number="34" hits="1" branch="false" />
                <line number="36" hits="1" branch="false" />
                <line number="37" hits="1" branch="false" />
              </lines>
            </method>
            <method name="SignalBase_InvalidPointsCount_ThrowsException" signature="(...)" line-rate="1" branch-rate="1" complexity="1">
              <lines>
                <line number="45" hits="1" branch="false" />
                <line number="47" hits="1" branch="false" />
                <line number="50" hits="1" branch="false" />
                <line number="51" hits="1" branch="false" />
                <line number="53" hits="1" branch="false" />
                <line number="54" hits="1" branch="false" />
                <line number="55" hits="1" branch="false" />
              </lines>
            </method>
            <method name="SignalBase_VeryHighFrequency_ThrowsException" signature="()" line-rate="1" branch-rate="1" complexity="1">
              <lines>
                <line number="59" hits="1" branch="false" />
                <line number="61" hits="1" branch="false" />
                <line number="62" hits="1" branch="false" />
                <line number="65" hits="1" branch="false" />
                <line number="66" hits="1" branch="false" />
                <line number="68" hits="1" branch="false" />
                <line number="69" hits="1" branch="false" />
              </lines>
            </method>
          </methods>
          <lines>
            <line number="13" hits="1" branch="false" />
            <line number="15" hits="1" branch="false" />
            <line number="18" hits="1" branch="false" />
            <line number="19" hits="1" branch="false" />
            <line number="21" hits="1" branch="false" />
            <line number="22" hits="1" branch="false" />
            <line number="28" hits="1" branch="false" />
            <line number="30" hits="1" branch="false" />
            <line number="33" hits="1" branch="false" />
            <line number="34" hits="1" branch="false" />
            <line number="36" hits="1" branch="false" />
            <line number="37" hits="1" branch="false" />
            <line number="45" hits="1" branch="false" />
            <line number="47" hits="1" branch="false" />
            <line number="50" hits="1" branch="false" />
            <line number="51" hits="1" branch="false" />
            <line number="53" hits="1" branch="false" />
            <line number="54" hits="1" branch="false" />
            <line number="55" hits="1" branch="false" />
            <line number="59" hits="1" branch="false" />
            <line number="61" hits="1" branch="false" />
            <line number="62" hits="1" branch="false" />
            <line number="65" hits="1" branch="false" />
            <line number="66" hits="1" branch="false" />
            <line number="68" hits="1" branch="false" />
            <line number="69" hits="1" branch="false" />
          </lines>
        </class>
      </classes>
    </package>
  </packages>
</coverage>